<?xml version="1.0" encoding="UTF-8"?>
<!-- Generated by org.testng.reporters.JUnitReportReporter -->
<testsuite skipped="0" hostname="DEL1-LHP-N02095" name="gauravPackage.CrossBrowserTesting2" tests="2" failures="0" timestamp="09 Jul 2019 11:16:11 GMT" time="75.880" errors="0">
  <testcase name="testParameterWithXML" time="44.204" classname="gauravPackage.CrossBrowserTesting2"/>
  <testcase name="testParameterWithXML" time="31.676" classname="gauravPackage.CrossBrowserTesting2"/>
</testsuite> <!-- gauravPackage.CrossBrowserTesting2 -->
