<?xml version="1.0" encoding="UTF-8"?>
<!-- Generated by org.testng.reporters.JUnitReportReporter -->
<testsuite skipped="0" hostname="DEL1-LHP-N02095" name="gauravPackage.ReadPropertiesFile" tests="1" failures="0" timestamp="18 May 2018 09:43:38 GMT" time="19.608" errors="0">
  <testcase name="LoginPage" time="19.608" classname="gauravPackage.ReadPropertiesFile"/>
</testsuite> <!-- gauravPackage.ReadPropertiesFile -->
