<?xml version="1.0" encoding="UTF-8"?>
<!-- Generated by org.testng.reporters.JUnitReportReporter -->
<testsuite skipped="0" hostname="DEL1-LHP-N02095" name="gauravPackage.ReadExcelfile" tests="1" failures="0" timestamp="29 Jun 2019 16:47:58 GMT" time="16.628" errors="0">
  <testcase name="LoginPage" time="16.628" classname="gauravPackage.ReadExcelfile"/>
</testsuite> <!-- gauravPackage.ReadExcelfile -->
