<?xml version="1.0" encoding="UTF-8"?>
<!-- Generated by org.testng.reporters.JUnitReportReporter -->
<testsuite skipped="0" hostname="DEL1-LHP-N02095" name="inheritance.Test2" tests="1" failures="0" timestamp="14 Jun 2019 03:40:47 GMT" time="0.008" errors="0">
  <testcase name="Test2" time="0.008" classname="inheritance.Test2"/>
</testsuite> <!-- inheritance.Test2 -->
