<?xml version="1.0" encoding="UTF-8"?>
<!-- Generated by org.testng.reporters.JUnitReportReporter -->
<testsuite skipped="0" hostname="DEL1-LHP-N02095" name="gauravPackage.Parameterizatio_Mohit2" tests="2" failures="0" timestamp="16 May 2018 06:49:35 GMT" time="31.521" errors="0">
  <testcase name="yahooRegistrationtest" time="15.010" classname="gauravPackage.Parameterizatio_Mohit2"/>
  <testcase name="yahooRegistrationtest" time="16.511" classname="gauravPackage.Parameterizatio_Mohit2"/>
</testsuite> <!-- gauravPackage.Parameterizatio_Mohit2 -->
