<?xml version="1.0" encoding="UTF-8"?>
<!-- Generated by org.testng.reporters.JUnitReportReporter -->
<testsuite skipped="0" hostname="DEL1-LHP-N02095" name="testing.Test2" tests="1" failures="0" timestamp="06 Aug 2018 10:32:10 GMT" time="0.008" errors="0">
  <testcase name="Test2" time="0.008" classname="testing.Test2"/>
</testsuite> <!-- testing.Test2 -->
