<?xml version="1.0" encoding="UTF-8"?>
<!-- Generated by org.testng.reporters.JUnitReportReporter -->
<testsuite skipped="0" hostname="DEL1-LHP-N02095" name="gauravPackage.CrossBrowserTesting" tests="2" failures="0" timestamp="09 Jul 2019 12:22:29 GMT" time="201.476" errors="0">
  <testcase name="testParameterWithXML" time="37.662" classname="gauravPackage.CrossBrowserTesting"/>
  <testcase name="testParameterWithXML" time="163.814" classname="gauravPackage.CrossBrowserTesting"/>
</testsuite> <!-- gauravPackage.CrossBrowserTesting -->
